Checking for new versions...

Getting ready...
Ready! You are using Stripe API Version [2025-08-27.basil]. Your webhook signing secret is whsec_ace16b42ca9ca2900c1522d24e28487d4699aacaa7820b6ee12dca348ba59aa7 (^C to quit)
2026-04-17 21:15:57   --> charge.succeeded [evt_3TNQITHL88pk7lNA1j70GKhv]
2026-04-17 21:15:57   --> payment_intent.succeeded [evt_3TNQITHL88pk7lNA12DXubA8]
2026-04-17 21:15:57   --> payment_intent.created [evt_3TNQITHL88pk7lNA1tB1Gp6r]
2026-04-17 21:15:58  <--  [500] POST http://localhost:8000/payment/webhook [evt_3TNQITHL88pk7lNA1j70GKhv]
2026-04-17 21:15:58  <--  [500] POST http://localhost:8000/payment/webhook [evt_3TNQITHL88pk7lNA12DXubA8]
2026-04-17 21:15:58  <--  [500] POST http://localhost:8000/payment/webhook [evt_3TNQITHL88pk7lNA1tB1Gp6r]
2026-04-17 21:16:00   --> charge.updated [evt_3TNQITHL88pk7lNA1IKCN9W8]
2026-04-17 21:16:00  <--  [500] POST http://localhost:8000/payment/webhook [evt_3TNQITHL88pk7lNA1IKCN9W8]
2026-04-17 21:17:51   --> charge.succeeded [evt_3TNQKIHL88pk7lNA0wFE8pz2]
2026-04-17 21:17:51  <--  [200] POST http://localhost:8000/payment/webhook [evt_3TNQKIHL88pk7lNA0wFE8pz2]
2026-04-17 21:17:51   --> payment_intent.succeeded [evt_3TNQKIHL88pk7lNA0libCgIx]
2026-04-17 21:17:51   --> checkout.session.completed [evt_1TNQKJHL88pk7lNApWsO9135]
2026-04-17 21:17:51  <--  [200] POST http://localhost:8000/payment/webhook [evt_3TNQKIHL88pk7lNA0libCgIx]
2026-04-17 21:17:51   --> payment_intent.created [evt_3TNQKIHL88pk7lNA0yni3EOy]
2026-04-17 21:17:51  <--  [200] POST http://localhost:8000/payment/webhook [evt_1TNQKJHL88pk7lNApWsO9135]
2026-04-17 21:17:51  <--  [200] POST http://localhost:8000/payment/webhook [evt_3TNQKIHL88pk7lNA0yni3EOy]
2026-04-17 21:17:54   --> charge.updated [evt_3TNQKIHL88pk7lNA08wVdeUH]
2026-04-17 21:17:54  <--  [200] POST http://localhost:8000/payment/webhook [evt_3TNQKIHL88pk7lNA08wVdeUH]
2026-04-17 21:18:25   --> charge.succeeded [evt_3TNQKqHL88pk7lNA0i8vTx6x]
2026-04-17 21:18:25   --> payment_intent.succeeded [evt_3TNQKqHL88pk7lNA0cCTexJd]
2026-04-17 21:18:25  <--  [200] POST http://localhost:8000/payment/webhook [evt_3TNQKqHL88pk7lNA0i8vTx6x]
2026-04-17 21:18:25   --> payment_intent.created [evt_3TNQKqHL88pk7lNA0eL94MyV]
2026-04-17 21:18:25  <--  [200] POST http://localhost:8000/payment/webhook [evt_3TNQKqHL88pk7lNA0eL94MyV]
2026-04-17 21:18:25  <--  [200] POST http://localhost:8000/payment/webhook [evt_3TNQKqHL88pk7lNA0cCTexJd]
2026-04-17 21:18:27   --> charge.updated [evt_3TNQKqHL88pk7lNA0BAKaqAI]
2026-04-17 21:18:27  <--  [200] POST http://localhost:8000/payment/webhook [evt_3TNQKqHL88pk7lNA0BAKaqAI]
2026-04-17 21:19:18   --> payment_intent.payment_failed [evt_3TNQLhHL88pk7lNA1qmSfwuX]
2026-04-17 21:19:18  <--  [500] POST http://localhost:8000/payment/webhook [evt_3TNQLhHL88pk7lNA1qmSfwuX]
2026-04-17 21:19:20   --> payment_intent.created [evt_3TNQLhHL88pk7lNA10Gk0AQG]
2026-04-17 21:19:20  <--  [200] POST http://localhost:8000/payment/webhook [evt_3TNQLhHL88pk7lNA10Gk0AQG]
2026-04-17 21:19:27   --> charge.failed [evt_3TNQLhHL88pk7lNA1U8HnBdG]
2026-04-17 21:19:27  <--  [200] POST http://localhost:8000/payment/webhook [evt_3TNQLhHL88pk7lNA1U8HnBdG]
2026-04-17 21:22:44   --> charge.failed [evt_3TNQP2HL88pk7lNA1pJmf87J]
2026-04-17 21:22:44  <--  [200] POST http://localhost:8000/payment/webhook [evt_3TNQP2HL88pk7lNA1pJmf87J]
2026-04-17 21:22:44   --> payment_intent.created [evt_3TNQP2HL88pk7lNA1MsEjlw6]
2026-04-17 21:22:44  <--  [200] POST http://localhost:8000/payment/webhook [evt_3TNQP2HL88pk7lNA1MsEjlw6]
2026-04-17 21:22:44   --> payment_intent.payment_failed [evt_3TNQP2HL88pk7lNA1xSBdlwo]
2026-04-17 21:22:45  <--  [200] POST http://localhost:8000/payment/webhook [evt_3TNQP2HL88pk7lNA1xSBdlwo]
2026-04-17 21:23:41   --> product.created [evt_1TNQPyHL88pk7lNA2F9dIpHz]
2026-04-17 21:23:42  <--  [200] POST http://localhost:8000/payment/webhook [evt_1TNQPyHL88pk7lNA2F9dIpHz]
2026-04-17 21:23:42   --> price.created [evt_1TNQPyHL88pk7lNAnksMa8Or]
2026-04-17 21:23:42  <--  [200] POST http://localhost:8000/payment/webhook [evt_1TNQPyHL88pk7lNAnksMa8Or]
2026-04-17 21:23:44   --> charge.succeeded [evt_3TNQPzHL88pk7lNA0QBzlkFa]
2026-04-17 21:23:44  <--  [200] POST http://localhost:8000/payment/webhook [evt_3TNQPzHL88pk7lNA0QBzlkFa]
2026-04-17 21:23:44   --> payment_intent.succeeded [evt_3TNQPzHL88pk7lNA0CxwDw2V]
2026-04-17 21:23:44  <--  [200] POST http://localhost:8000/payment/webhook [evt_3TNQPzHL88pk7lNA0CxwDw2V]
2026-04-17 21:23:44   --> checkout.session.completed [evt_1TNQQ1HL88pk7lNA2uq8jzcN]
2026-04-17 21:23:44   --> payment_intent.created [evt_3TNQPzHL88pk7lNA0VsQbLY4]
2026-04-17 21:23:44  <--  [200] POST http://localhost:8000/payment/webhook [evt_3TNQPzHL88pk7lNA0VsQbLY4]
2026-04-17 21:23:44  <--  [200] POST http://localhost:8000/payment/webhook [evt_1TNQQ1HL88pk7lNA2uq8jzcN]
2026-04-17 21:23:47   --> charge.updated [evt_3TNQPzHL88pk7lNA023XENAZ]
2026-04-17 21:23:47  <--  [200] POST http://localhost:8000/payment/webhook [evt_3TNQPzHL88pk7lNA023XENAZ]
